========================================================
Создан импортёром Cascades версии: 0.0.1, 2014-05-28T17:43:16
========================================================

[I] ===== Преобразование файла: assets/components/TrackItem.qml
[I] ===== Преобразование файла: assets/images/bnt_pause_default.png
[I] ===== Преобразование файла: assets/images/bnt_pause_disabled.png
[I] ===== Преобразование файла: assets/images/btn_end_default.png
[I] ===== Преобразование файла: assets/images/btn_end_disabled.png
[I] ===== Преобразование файла: assets/images/btn_forward_default.png
[I] ===== Преобразование файла: assets/images/btn_forward_disabled.png
[I] ===== Преобразование файла: assets/images/btn_pin1_disabled.png
[I] ===== Преобразование файла: assets/images/btn_pin2_disabled.png
[I] ===== Преобразование файла: assets/images/btn_pin3_disabled.png
[I] ===== Преобразование файла: assets/images/btn_pin4_disabled.png
[I] ===== Преобразование файла: assets/images/btn_play_default.png
[I] ===== Преобразование файла: assets/images/btn_play_disabled.png
[I] ===== Преобразование файла: assets/images/btn_play_selected.png
[I] ===== Преобразование файла: assets/images/btn_record_default.png
[I] ===== Преобразование файла: assets/images/btn_record_disabled.png
[I] ===== Преобразование файла: assets/images/btn_record_selected.png
[I] ===== Преобразование файла: assets/images/btn_rewind_default.png
[I] ===== Преобразование файла: assets/images/btn_rewind_disabled.png
[I] ===== Преобразование файла: assets/images/btn_sd_default.png
[I] ===== Преобразование файла: assets/images/btn_sd_disabled.png
[I] ===== Преобразование файла: assets/images/btn_send_default.png
[I] ===== Преобразование файла: assets/images/btn_send_disabled.png
[I] ===== Преобразование файла: assets/images/btn_start_default.png
[I] ===== Преобразование файла: assets/images/btn_start_disabled.png
[I] ===== Преобразование файла: assets/images/ic/ic_add.png
[I] ===== Преобразование файла: assets/images/ic/ic_clear.png
[I] ===== Преобразование файла: assets/images/ic/ic_cut.png
[I] ===== Преобразование файла: assets/images/ic/ic_delete.png
[I] ===== Преобразование файла: assets/images/ic/ic_microphone.png
[I] ===== Преобразование файла: assets/images/ic/ic_microphone_mute.png
[I] ===== Преобразование файла: assets/images/ic/ic_next.png
[I] ===== Преобразование файла: assets/images/ic/ic_pause.png
[I] ===== Преобразование файла: assets/images/ic/ic_play.png
[I] ===== Преобразование файла: assets/images/ic/ic_previous.png
[I] ===== Преобразование файла: assets/images/ic/ic_stop.png
[I] ===== Преобразование файла: assets/images/pause.png
[I] ===== Преобразование файла: assets/images/play.png
[I] ===== Преобразование файла: assets/images/play_disabled.png
[I] ===== Преобразование файла: assets/images/progress_scale.png
[I] ===== Преобразование файла: assets/images/record.png
[I] ===== Преобразование файла: assets/images/stop.png
[I] ===== Преобразование файла: assets/images/volume_cursor.png
[I] ===== Преобразование файла: assets/main_page.qml
[I] ===== Преобразование файла: assets/models/tracks_list.xml
[I] ===== Преобразование файла: assets/page_list.qml
[I] ===== Преобразование файла: assets/page_process_track.qml
[I] ===== Преобразование файла: bar-descriptor.xml
[I] Удаление пути к ресурсу: translations
[I] Удаление пути к ресурсу: translations/*
[I] Задание пути к ресурсу: из SoundRecorder в SoundRecorder типа: Qnx/Elf с точкой входа: 1
[I] Замена исходного пути к ресурсу: assets -> %SRC_DIR%/assets
[I] Замена исходного пути к ресурсу: icon.png -> %SRC_DIR%/icon.png
[W] Не удалось найти определение ресурса изображения: <splashScreens>
[I] ===== Преобразование файла: icon.png
[I] ===== Преобразование файла: SoundRecorder.pro
[W] Файл «icon.png» не перечислен в файле «SoundRecorder.pro», а должен?
[I] ===== Преобразование файла: src/core/se/SDCardUtil.cpp
[I] ===== Преобразование файла: src/core/se/SDCardUtil.h
[I] ===== Преобразование файла: src/core/se/SEAudioStream.cpp
[I] ===== Преобразование файла: src/core/se/SEAudioStream.h
[I] ===== Преобразование файла: src/core/se/SEAudioStreamEngine.cpp
[I] ===== Преобразование файла: src/core/se/SEAudioStreamEngine.h
[I] ===== Преобразование файла: src/core/se/SEProject.cpp
[I] ===== Преобразование файла: src/core/se/SEProject.h
[I] ===== Преобразование файла: src/core/se/SEProjectAudioStream.cpp
[I] ===== Преобразование файла: src/core/se/SEProjectAudioStream.h
[I] ===== Преобразование файла: src/core/se/SEProjectEngine.cpp
[I] ===== Преобразование файла: src/core/se/SEProjectEngine.h
[I] ===== Преобразование файла: src/core/se/SERecord.cpp
[I] ===== Преобразование файла: src/core/se/SERecord.h
[I] ===== Преобразование файла: src/core/se/SERecordAudioStream.cpp
[I] ===== Преобразование файла: src/core/se/SERecordAudioStream.h
[I] ===== Преобразование файла: src/core/se/SESoundPlayer.cpp
[I] ===== Преобразование файла: src/core/se/SESoundPlayer.h
[I] ===== Преобразование файла: src/core/se/SESoundRecorder.cpp
[I] ===== Преобразование файла: src/core/se/SESoundRecorder.h
[I] ===== Преобразование файла: src/core/SPEEXConverter/RiffFile.cpp
[I] ===== Преобразование файла: src/core/SPEEXConverter/RiffFile.h
[I] ===== Преобразование файла: src/core/SPEEXConverter/WaveFile.cpp
[I] ===== Преобразование файла: src/core/SPEEXConverter/WaveFile.h
[I] ===== Преобразование файла: src/core/SRProject.cpp
[I] ===== Преобразование файла: src/core/SRProject.h
[I] ===== Преобразование файла: src/core/SRProject_test.cpp
[I] ===== Преобразование файла: src/main.cpp
[I] ===== Преобразование файла: src/ui/MainController.cpp
[I] ===== Преобразование файла: src/ui/MainController.hpp
[I] ===== Преобразование файла: src/utils/Loger.cpp
[I] ===== Преобразование файла: src/utils/Loger.h
[I] ===== Преобразование файла: src/utils/SoundPlayer.cpp
[I] ===== Преобразование файла: src/utils/SoundPlayer.h
[I] ===== Преобразование файла: src/utils/StatusEventHandler.cpp
[I] ===== Преобразование файла: src/utils/StatusEventHandler.h
